0 info it worked if it ends with ok
1 verbose cli [ '/usr/local/bin/node', '/usr/local/bin/npm', 'run', 'dev' ]
2 info using npm@4.1.2
3 info using node@v7.7.3
4 verbose run-script [ 'predev', 'dev', 'postdev' ]
5 info lifecycle quote-of-the-day@1.1.1~predev: quote-of-the-day@1.1.1
6 silly lifecycle quote-of-the-day@1.1.1~predev: no script for predev, continuing
7 info lifecycle quote-of-the-day@1.1.1~dev: quote-of-the-day@1.1.1
8 verbose lifecycle quote-of-the-day@1.1.1~dev: unsafe-perm in lifecycle true
9 verbose lifecycle quote-of-the-day@1.1.1~dev: PATH: /usr/local/lib/node_modules/npm/bin/node-gyp-bin:/Applications/XAMPP/xamppfiles/htdocs/MANEUVER/Angular4/angular2_groundup_course_materials/L45-quote-of-the-day/node_modules/.bin:/Users/calotkenneth/.rvm/gems/ruby-2.2.1/bin:/Users/calotkenneth/.rvm/gems/ruby-2.2.1@global/bin:/Users/calotkenneth/.rvm/rubies/ruby-2.2.1/bin:/usr/local/bin:/usr/bin:/bin:/usr/sbin:/sbin:/Users/calotkenneth/.rvm/gems/ruby-2.2.1/bin:/Users/calotkenneth/.rvm/gems/ruby-2.2.1@global/bin:/Users/calotkenneth/.rvm/rubies/ruby-2.2.1/bin:/Users/calotkenneth/.rvm/bin:/Users/calotkenneth/Library/Android/sdk/platform-tools:/Users/calotkenneth/Library/Android/sdk/tools:/Users/calotkenneth/.rvm/bin:/Users/calotkenneth/.rvm/bin:/Users/calotkenneth/Library/Android/sdk/platform-tools:/Users/calotkenneth/Library/Android/sdk/tools
10 verbose lifecycle quote-of-the-day@1.1.1~dev: CWD: /Applications/XAMPP/xamppfiles/htdocs/MANEUVER/Angular4/angular2_groundup_course_materials/L45-quote-of-the-day
11 silly lifecycle quote-of-the-day@1.1.1~dev: Args: [ '-c', 'tsc && concurrently "tsc -w" lite-server' ]
12 silly lifecycle quote-of-the-day@1.1.1~dev: Returned: code: 2  signal: null
13 info lifecycle quote-of-the-day@1.1.1~dev: Failed to exec dev script
14 verbose stack Error: quote-of-the-day@1.1.1 dev: `tsc && concurrently "tsc -w" lite-server`
14 verbose stack Exit status 2
14 verbose stack     at EventEmitter.<anonymous> (/usr/local/lib/node_modules/npm/lib/utils/lifecycle.js:279:16)
14 verbose stack     at emitTwo (events.js:106:13)
14 verbose stack     at EventEmitter.emit (events.js:194:7)
14 verbose stack     at ChildProcess.<anonymous> (/usr/local/lib/node_modules/npm/lib/utils/spawn.js:40:14)
14 verbose stack     at emitTwo (events.js:106:13)
14 verbose stack     at ChildProcess.emit (events.js:194:7)
14 verbose stack     at maybeClose (internal/child_process.js:899:16)
14 verbose stack     at Process.ChildProcess._handle.onexit (internal/child_process.js:226:5)
15 verbose pkgid quote-of-the-day@1.1.1
16 verbose cwd /Applications/XAMPP/xamppfiles/htdocs/MANEUVER/Angular4/angular2_groundup_course_materials/L45-quote-of-the-day
17 error Darwin 14.5.0
18 error argv "/usr/local/bin/node" "/usr/local/bin/npm" "run" "dev"
19 error node v7.7.3
20 error npm  v4.1.2
21 error code ELIFECYCLE
22 error quote-of-the-day@1.1.1 dev: `tsc && concurrently "tsc -w" lite-server`
22 error Exit status 2
23 error Failed at the quote-of-the-day@1.1.1 dev script 'tsc && concurrently "tsc -w" lite-server'.
23 error Make sure you have the latest version of node.js and npm installed.
23 error If you do, this is most likely a problem with the quote-of-the-day package,
23 error not with npm itself.
23 error Tell the author that this fails on your system:
23 error     tsc && concurrently "tsc -w" lite-server
23 error You can get information on how to open an issue for this project with:
23 error     npm bugs quote-of-the-day
23 error Or if that isn't available, you can get their info via:
23 error     npm owner ls quote-of-the-day
23 error There is likely additional logging output above.
24 verbose exit [ 1, true ]
